*PADS-PCB*
*PART*
C?     0805C
C?     0805C
C?     0805C
C?     0805C
C?     0805C
C?     0805C
C?     0805C
C?     0805C
C?     0805C
C?     0805C
C?     0805C
C?     0805C
C?     0805C
C?     0805C
C?     0805C
C?     0805C
C?     0805C
C?     0805C
C?     0805C
C?     0805C
C?     0805C
C?     0805C
C?     0805C
C?     0805C
C?     0805C
C?     0805C
C?     0805C
C?     0805C
C?     0805C
C?     0805C
C?     0805C
C?     0805C
C?     0805C
C?     0805C
C?     0805C
C?     0805C
C?     0805C
C?     0805C
C?     0805C
C?     0805C
C?     0805C
C?     0805C
C?     0805C
C?     0805C
C?     0805C
C?     0805C
C?     0805C
C?     0805C
C?     0805C
C?     0805C
C?     0805C
C?     0805C
D?     SOD-123
D?     SOD-123
D?     0805D-RED
D?     0805D-GREEN
D?     0805D-GREEN
D?     0805D-RED
J?     BOXEDVERT10
J?     BNC_VERT
J?     USBPLUG
L?     0805
L?     0805
L?     0805
L?     0805
P?     HDR3x2
P?     HDR3x2
Q?     SOT23
Q?     SOT23
Q?     SOT23
R?     VR5
R?     0805
R?     0805
R?     0805
R?     0805
R?     0805
R?     0805
R?     0805
R?     0805
R?     0805
R?     0805
R?     0805
R?     0805
R?     0805
R?     0805
R?     0805
R?     0805
R?     0805
R?     0805
R?     0805
R?     0805
R?     0805
R?     0805
R?     0805
S?     SPST PB SWITCH SMD
TP?    Testpoin
TP?    Testpoin
TP?    Testpoin
TP?    Testpoin
TP?    Testpoin
TP?    PIN 1.8mm
TP?    PIN 1.8mm
TP?    PIN 1.8mm
TP?    Testpoin
U?     SOIC-8
U?     SOIC-8
U?     SOIC-8
U?     TI-DBQ20_L
U?     SOT163-1_N
U?     SOIC-8
U?     QFP-48
U?     SOIC-16
U?     SOIC-16
U?     VQ44_L
U?     VQ44_L
U?     VQ44_L
U?     VQ44_L
U?     VQ44_L
U?     SOIC-8
U?     SOIC-8
U?     SSOP-28
U?     SOT89
U?     SIP_NMG
U?     TSOP-32
U?     SOIC-8
U?     SOIC-8
X?     XTAL_FLAT_SMD
*END*
