Added Component: Designator=C1(0805_CAP)
Add component (AddParameter): Name = "Revision"; Value = "July-2002: Re-released for DXP Platform."; VariantName = "[No Variations]"
Add component (AddParameter): Name = "Value"; Value = "10米F"; VariantName = "[No Variations]"
Added Component: Designator=C2(0805_CAP)
Add component (AddParameter): Name = "Revision"; Value = "July-2002: Re-released for DXP Platform."; VariantName = "[No Variations]"
Add component (AddParameter): Name = "Value"; Value = "10米F"; VariantName = "[No Variations]"
Added Component: Designator=D1(0805_DIODE)
Add component (AddParameter): Name = "Color"; Value = "Red"; VariantName = "[No Variations]"
Add component (AddParameter): Name = "Revision"; Value = "July-2002: Re-released for DXP Platform."; VariantName = "[No Variations]"
Add component (AddParameter): Name = "Value"; Value = "Low"; VariantName = "[No Variations]"
Added Component: Designator=D2(0805_DIODE)
Add component (AddParameter): Name = "Color"; Value = "Green"; VariantName = "[No Variations]"
Add component (AddParameter): Name = "Revision"; Value = "July-2002: Re-released for DXP Platform."; VariantName = "[No Variations]"
Add component (AddParameter): Name = "Value"; Value = "Power"; VariantName = "[No Variations]"
Added Component: Designator=J1(PIN_1MM)
Add component (AddParameter): Name = "Value"; Value = "Test Point"; VariantName = "[No Variations]"
Added Component: Designator=J2(PIN_1MM)
Add component (AddParameter): Name = "Value"; Value = "Test Point"; VariantName = "[No Variations]"
Added Component: Designator=Q1(SOT23-3)
Add component (AddParameter): Name = "Value"; Value = "MMBT3904"; VariantName = "[No Variations]"
Added Component: Designator=Q2(SOT23-3)
Add component (AddParameter): Name = "Value"; Value = "MMBT3904"; VariantName = "[No Variations]"
Added Component: Designator=R1(0805_RES)
Add component (AddParameter): Name = "Value"; Value = "1k次"; VariantName = "[No Variations]"
Added Component: Designator=R2(0805_RES)
Add component (AddParameter): Name = "Value"; Value = "75k次"; VariantName = "[No Variations]"
Added Component: Designator=R3(0805_RES)
Add component (AddParameter): Name = "Value"; Value = "75k次"; VariantName = "[No Variations]"
Added Component: Designator=R4(0805_RES)
Add component (AddParameter): Name = "Value"; Value = "1k次"; VariantName = "[No Variations]"
Added Pin To Net: NetName=GND Pin=J2-1
Added Pin To Net: NetName=GND Pin=Q1-2
Added Pin To Net: NetName=GND Pin=Q2-2
Added Net: Name=GND
Added Pin To Net: NetName=NetC1_2 Pin=C1-2
Added Pin To Net: NetName=NetC1_2 Pin=D1-K
Added Pin To Net: NetName=NetC1_2 Pin=Q1-3
Added Net: Name=NetC1_2
Added Pin To Net: NetName=NetC2_1 Pin=C2-1
Added Pin To Net: NetName=NetC2_1 Pin=D2-K
Added Pin To Net: NetName=NetC2_1 Pin=Q2-3
Added Net: Name=NetC2_1
Added Pin To Net: NetName=NetD1_A Pin=D1-A
Added Pin To Net: NetName=NetD1_A Pin=R1-1
Added Net: Name=NetD1_A
Added Pin To Net: NetName=NetD2_A Pin=D2-A
Added Pin To Net: NetName=NetD2_A Pin=R4-1
Added Net: Name=NetD2_A
Added Pin To Net: NetName=Q1_BASE Pin=C2-2
Added Pin To Net: NetName=Q1_BASE Pin=Q1-1
Added Pin To Net: NetName=Q1_BASE Pin=R3-1
Added Net: Name=Q1_BASE
Added Pin To Net: NetName=Q2_BASE Pin=C1-1
Added Pin To Net: NetName=Q2_BASE Pin=Q2-1
Added Pin To Net: NetName=Q2_BASE Pin=R2-1
Added Net: Name=Q2_BASE
Added Pin To Net: NetName=VCC Pin=J1-1
Added Pin To Net: NetName=VCC Pin=R1-2
Added Pin To Net: NetName=VCC Pin=R2-2
Added Pin To Net: NetName=VCC Pin=R3-2
Added Pin To Net: NetName=VCC Pin=R4-2
Added Net: Name=VCC
Added Class: Name=Sheet1
